[1 - Suricata-Main] 2026-01-27 07:54:07 Notice: suricata: This is Suricata version 8.0.3 RELEASE running in SYSTEM mode
[1 - Suricata-Main] 2026-01-27 07:54:07 Info: cpu: CPUs/cores online: 4
[1 - Suricata-Main] 2026-01-27 07:54:07 Info: suricata: Setting engine mode to IDS mode by default
[1 - Suricata-Main] 2026-01-27 07:54:07 Info: exception-policy: master exception-policy set to: auto
[1 - Suricata-Main] 2026-01-27 07:54:08 Info: privs: dropped the caps for main thread
[1 - Suricata-Main] 2026-01-27 07:54:08 Info: conf: Running in live mode, activating unix socket
[1 - Suricata-Main] 2026-01-27 07:54:08 Info: logopenfile: fast output device (regular) initialized: fast.log
[1 - Suricata-Main] 2026-01-27 07:54:08 Info: logopenfile: eve-log output device (regular) initialized: eve.json
[1 - Suricata-Main] 2026-01-27 07:54:08 Info: logopenfile: stats output device (regular) initialized: stats.log
[1 - Suricata-Main] 2026-01-27 07:54:08 Warning: detect: No rule files match the pattern /var/lib/suricata/rules/suricata.rules
[1 - Suricata-Main] 2026-01-27 07:54:08 Warning: detect: 1 rule files specified, but no rules were loaded!
[1 - Suricata-Main] 2026-01-27 07:54:08 Info: threshold-config: Threshold config parsed: 0 rule(s) found
[1 - Suricata-Main] 2026-01-27 07:54:08 Info: detect: 0 signatures processed. 0 are IP-only rules, 0 are inspecting packet payload, 0 inspect application layer, 0 are decoder event only
[1 - Suricata-Main] 2026-01-27 07:54:08 Notice: mpm-hs: Rule group caching - loaded: 0 newly cached: 0 total cacheable: 0
[1 - Suricata-Main] 2026-01-27 07:54:08 Info: unix-manager: unix socket '/var/run/suricata/suricata-command.socket'
[1 - Suricata-Main] 2026-01-27 07:54:08 Info: runmodes: eth0: creating 4 threads
[22 - W#01-eth0] 2026-01-27 07:54:08 Info: ioctl: eth0: MTU 1500
[1 - Suricata-Main] 2026-01-27 07:54:08 Notice: threads: Threads created -> W: 4 FM: 1 FR: 1   Engine started.
[1 - Suricata-Main] 2026-01-27 07:55:02 Notice: suricata: Signal Received.  Stopping engine.
[1 - Suricata-Main] 2026-01-27 07:55:02 Info: suricata: time elapsed 54.336s
[1 - Suricata-Main] 2026-01-27 07:55:03 Info: counters: Alerts: 0
[1 - Suricata-Main] 2026-01-27 07:55:03 Notice: device: eth0: packets: 222, drops: 0 (0.00%), invalid chksum: 0
[1 - Suricata-Main] 2026-01-27 07:59:40 Notice: suricata: This is Suricata version 8.0.3 RELEASE running in SYSTEM mode
[1 - Suricata-Main] 2026-01-27 07:59:40 Info: cpu: CPUs/cores online: 4
[1 - Suricata-Main] 2026-01-27 07:59:40 Info: suricata: Setting engine mode to IDS mode by default
[1 - Suricata-Main] 2026-01-27 07:59:40 Info: exception-policy: master exception-policy set to: auto
[1 - Suricata-Main] 2026-01-27 07:59:40 Info: privs: dropped the caps for main thread
[1 - Suricata-Main] 2026-01-27 07:59:40 Info: conf: Running in live mode, activating unix socket
[1 - Suricata-Main] 2026-01-27 07:59:40 Info: logopenfile: fast output device (regular) initialized: fast.log
[1 - Suricata-Main] 2026-01-27 07:59:40 Info: logopenfile: eve-log output device (regular) initialized: eve.json
[1 - Suricata-Main] 2026-01-27 07:59:40 Info: logopenfile: stats output device (regular) initialized: stats.log
[1 - Suricata-Main] 2026-01-27 07:59:40 Warning: detect: No rule files match the pattern /var/lib/suricata/rules/suricata.rules
[1 - Suricata-Main] 2026-01-27 07:59:40 Warning: detect: 1 rule files specified, but no rules were loaded!
[1 - Suricata-Main] 2026-01-27 07:59:40 Info: threshold-config: Threshold config parsed: 0 rule(s) found
[1 - Suricata-Main] 2026-01-27 07:59:40 Info: detect: 0 signatures processed. 0 are IP-only rules, 0 are inspecting packet payload, 0 inspect application layer, 0 are decoder event only
[1 - Suricata-Main] 2026-01-27 07:59:40 Notice: mpm-hs: Rule group caching - loaded: 0 newly cached: 0 total cacheable: 0
[1 - Suricata-Main] 2026-01-27 07:59:40 Info: unix-manager: unix socket '/var/run/suricata/suricata-command.socket'
[1 - Suricata-Main] 2026-01-27 07:59:40 Info: runmodes: eth0: creating 4 threads
[21 - W#01-eth0] 2026-01-27 07:59:40 Info: ioctl: eth0: MTU 1500
[1 - Suricata-Main] 2026-01-27 07:59:41 Notice: threads: Threads created -> W: 4 FM: 1 FR: 1   Engine started.
[1 - Suricata-Main] 2026-01-27 08:03:11 Notice: suricata: Signal Received.  Stopping engine.
[1 - Suricata-Main] 2026-01-27 08:03:11 Info: suricata: time elapsed 210.556s
[1 - Suricata-Main] 2026-01-27 08:03:12 Info: counters: Alerts: 0
[1 - Suricata-Main] 2026-01-27 08:03:12 Notice: device: eth0: packets: 385, drops: 0 (0.00%), invalid chksum: 0
[1 - Suricata-Main] 2026-01-27 08:03:58 Notice: suricata: This is Suricata version 8.0.3 RELEASE running in SYSTEM mode
[1 - Suricata-Main] 2026-01-27 08:03:58 Info: cpu: CPUs/cores online: 4
[1 - Suricata-Main] 2026-01-27 08:03:58 Info: suricata: Setting engine mode to IDS mode by default
[1 - Suricata-Main] 2026-01-27 08:03:58 Info: exception-policy: master exception-policy set to: auto
[1 - Suricata-Main] 2026-01-27 08:03:58 Info: privs: dropped the caps for main thread
[1 - Suricata-Main] 2026-01-27 08:03:58 Info: conf: Running in live mode, activating unix socket
[1 - Suricata-Main] 2026-01-27 08:03:58 Info: logopenfile: fast output device (regular) initialized: fast.log
[1 - Suricata-Main] 2026-01-27 08:03:58 Info: logopenfile: eve-log output device (regular) initialized: eve.json
[1 - Suricata-Main] 2026-01-27 08:03:58 Info: logopenfile: stats output device (regular) initialized: stats.log
[1 - Suricata-Main] 2026-01-27 08:03:58 Warning: detect: No rule files match the pattern /var/lib/suricata/rules/suricata.rules
[1 - Suricata-Main] 2026-01-27 08:03:58 Warning: detect: 1 rule files specified, but no rules were loaded!
[1 - Suricata-Main] 2026-01-27 08:03:58 Info: threshold-config: Threshold config parsed: 0 rule(s) found
[1 - Suricata-Main] 2026-01-27 08:03:58 Info: detect: 0 signatures processed. 0 are IP-only rules, 0 are inspecting packet payload, 0 inspect application layer, 0 are decoder event only
[1 - Suricata-Main] 2026-01-27 08:03:58 Notice: mpm-hs: Rule group caching - loaded: 0 newly cached: 0 total cacheable: 0
[1 - Suricata-Main] 2026-01-27 08:03:58 Info: unix-manager: unix socket '/var/run/suricata/suricata-command.socket'
[1 - Suricata-Main] 2026-01-27 08:03:58 Info: runmodes: eth0: creating 4 threads
[21 - W#01-eth0] 2026-01-27 08:03:58 Info: ioctl: eth0: MTU 1500
[1 - Suricata-Main] 2026-01-27 08:03:58 Notice: threads: Threads created -> W: 4 FM: 1 FR: 1   Engine started.
[1 - Suricata-Main] 2026-01-27 08:20:28 Notice: suricata: Signal Received.  Stopping engine.
[1 - Suricata-Main] 2026-01-27 08:20:29 Info: suricata: time elapsed 990.682s
[1 - Suricata-Main] 2026-01-27 08:20:30 Info: counters: Alerts: 0
[1 - Suricata-Main] 2026-01-27 08:20:30 Notice: device: eth0: packets: 1965, drops: 0 (0.00%), invalid chksum: 0
[1 - Suricata-Main] 2026-01-27 08:20:39 Notice: suricata: This is Suricata version 8.0.3 RELEASE running in SYSTEM mode
[1 - Suricata-Main] 2026-01-27 08:20:39 Info: cpu: CPUs/cores online: 4
[1 - Suricata-Main] 2026-01-27 08:20:39 Info: suricata: Setting engine mode to IDS mode by default
[1 - Suricata-Main] 2026-01-27 08:20:39 Info: exception-policy: master exception-policy set to: auto
[1 - Suricata-Main] 2026-01-27 08:20:39 Info: privs: dropped the caps for main thread
[1 - Suricata-Main] 2026-01-27 08:20:39 Info: conf: Running in live mode, activating unix socket
[1 - Suricata-Main] 2026-01-27 08:20:39 Info: logopenfile: fast output device (regular) initialized: fast.log
[1 - Suricata-Main] 2026-01-27 08:20:39 Info: logopenfile: eve-log output device (regular) initialized: eve.json
[1 - Suricata-Main] 2026-01-27 08:20:39 Info: logopenfile: stats output device (regular) initialized: stats.log
[1 - Suricata-Main] 2026-01-27 08:20:39 Warning: detect: No rule files match the pattern /var/lib/suricata/rules/suricata.rules
[1 - Suricata-Main] 2026-01-27 08:20:39 Warning: detect: 1 rule files specified, but no rules were loaded!
[1 - Suricata-Main] 2026-01-27 08:20:39 Info: threshold-config: Threshold config parsed: 0 rule(s) found
[1 - Suricata-Main] 2026-01-27 08:20:39 Info: detect: 0 signatures processed. 0 are IP-only rules, 0 are inspecting packet payload, 0 inspect application layer, 0 are decoder event only
[1 - Suricata-Main] 2026-01-27 08:20:39 Notice: mpm-hs: Rule group caching - loaded: 0 newly cached: 0 total cacheable: 0
[1 - Suricata-Main] 2026-01-27 08:20:39 Info: unix-manager: unix socket '/var/run/suricata/suricata-command.socket'
[1 - Suricata-Main] 2026-01-27 08:20:39 Info: runmodes: eth0: creating 4 threads
[21 - W#01-eth0] 2026-01-27 08:20:39 Info: ioctl: eth0: MTU 1500
[1 - Suricata-Main] 2026-01-27 08:20:39 Notice: threads: Threads created -> W: 4 FM: 1 FR: 1   Engine started.
[1 - Suricata-Main] 2026-01-27 10:04:36 Notice: suricata: Signal Received.  Stopping engine.
[1 - Suricata-Main] 2026-01-27 10:04:40 Info: suricata: time elapsed 6241.251s
[1 - Suricata-Main] 2026-01-27 10:04:41 Info: counters: Alerts: 0
[1 - Suricata-Main] 2026-01-27 10:04:41 Notice: device: eth0: packets: 56030, drops: 14 (0.02%), invalid chksum: 0
[1 - Suricata-Main] 2026-01-27 10:04:55 Notice: suricata: This is Suricata version 8.0.3 RELEASE running in SYSTEM mode
[1 - Suricata-Main] 2026-01-27 10:04:55 Info: cpu: CPUs/cores online: 4
[1 - Suricata-Main] 2026-01-27 10:04:55 Info: suricata: Setting engine mode to IDS mode by default
[1 - Suricata-Main] 2026-01-27 10:04:55 Info: exception-policy: master exception-policy set to: auto
[1 - Suricata-Main] 2026-01-27 10:04:55 Info: privs: dropped the caps for main thread
[1 - Suricata-Main] 2026-01-27 10:04:55 Info: conf: Running in live mode, activating unix socket
[1 - Suricata-Main] 2026-01-27 10:04:55 Info: logopenfile: fast output device (regular) initialized: fast.log
[1 - Suricata-Main] 2026-01-27 10:04:55 Info: logopenfile: eve-log output device (regular) initialized: eve.json
[1 - Suricata-Main] 2026-01-27 10:04:55 Info: logopenfile: stats output device (regular) initialized: stats.log
[1 - Suricata-Main] 2026-01-27 10:04:55 Warning: detect: No rule files match the pattern /var/lib/suricata/rules/suricata.rules
[1 - Suricata-Main] 2026-01-27 10:04:55 Warning: detect: 1 rule files specified, but no rules were loaded!
[1 - Suricata-Main] 2026-01-27 10:04:55 Info: threshold-config: Threshold config parsed: 0 rule(s) found
[1 - Suricata-Main] 2026-01-27 10:04:55 Info: detect: 0 signatures processed. 0 are IP-only rules, 0 are inspecting packet payload, 0 inspect application layer, 0 are decoder event only
[1 - Suricata-Main] 2026-01-27 10:04:55 Notice: mpm-hs: Rule group caching - loaded: 0 newly cached: 0 total cacheable: 0
[1 - Suricata-Main] 2026-01-27 10:04:55 Info: unix-manager: unix socket '/var/run/suricata/suricata-command.socket'
[1 - Suricata-Main] 2026-01-27 10:04:55 Info: runmodes: eth0: creating 4 threads
[21 - W#01-eth0] 2026-01-27 10:04:55 Info: ioctl: eth0: MTU 1500
[1 - Suricata-Main] 2026-01-27 10:04:56 Notice: threads: Threads created -> W: 4 FM: 1 FR: 1   Engine started.
[1 - Suricata-Main] 2026-01-27 10:26:24 Notice: suricata: Signal Received.  Stopping engine.
[1 - Suricata-Main] 2026-01-27 10:26:24 Info: suricata: time elapsed 1288.911s
[1 - Suricata-Main] 2026-01-27 10:26:25 Info: counters: Alerts: 0
[1 - Suricata-Main] 2026-01-27 10:26:25 Notice: device: eth0: packets: 1949, drops: 0 (0.00%), invalid chksum: 0
[1 - Suricata-Main] 2026-01-28 05:24:46 Notice: suricata: This is Suricata version 8.0.3 RELEASE running in SYSTEM mode
[1 - Suricata-Main] 2026-01-28 05:24:46 Info: cpu: CPUs/cores online: 4
[1 - Suricata-Main] 2026-01-28 05:24:46 Info: suricata: Setting engine mode to IDS mode by default
[1 - Suricata-Main] 2026-01-28 05:24:46 Info: exception-policy: master exception-policy set to: auto
[1 - Suricata-Main] 2026-01-28 05:24:47 Info: privs: dropped the caps for main thread
[1 - Suricata-Main] 2026-01-28 05:24:47 Info: conf: Running in live mode, activating unix socket
[1 - Suricata-Main] 2026-01-28 05:24:47 Info: logopenfile: fast output device (regular) initialized: fast.log
[1 - Suricata-Main] 2026-01-28 05:24:47 Info: logopenfile: eve-log output device (regular) initialized: eve.json
[1 - Suricata-Main] 2026-01-28 05:24:47 Info: logopenfile: stats output device (regular) initialized: stats.log
[1 - Suricata-Main] 2026-01-28 05:24:47 Warning: detect: No rule files match the pattern /var/lib/suricata/rules/suricata.rules
[1 - Suricata-Main] 2026-01-28 05:24:47 Warning: detect: 1 rule files specified, but no rules were loaded!
[1 - Suricata-Main] 2026-01-28 05:24:47 Info: threshold-config: Threshold config parsed: 0 rule(s) found
[1 - Suricata-Main] 2026-01-28 05:24:47 Info: detect: 0 signatures processed. 0 are IP-only rules, 0 are inspecting packet payload, 0 inspect application layer, 0 are decoder event only
[1 - Suricata-Main] 2026-01-28 05:24:47 Notice: mpm-hs: Rule group caching - loaded: 0 newly cached: 0 total cacheable: 0
[1 - Suricata-Main] 2026-01-28 05:24:47 Info: unix-manager: unix socket '/var/run/suricata/suricata-command.socket'
[1 - Suricata-Main] 2026-01-28 05:24:47 Info: runmodes: eth0: creating 4 threads
[21 - W#01-eth0] 2026-01-28 05:24:47 Info: ioctl: eth0: MTU 1500
[1 - Suricata-Main] 2026-01-28 05:24:47 Notice: threads: Threads created -> W: 4 FM: 1 FR: 1   Engine started.
[1 - Suricata-Main] 2026-01-28 08:29:39 Notice: suricata: Signal Received.  Stopping engine.
[1 - Suricata-Main] 2026-01-28 08:29:40 Info: suricata: time elapsed 11093.344s
[1 - Suricata-Main] 2026-01-28 08:29:41 Info: counters: Alerts: 0
[1 - Suricata-Main] 2026-01-28 08:29:41 Notice: device: eth0: packets: 14788, drops: 0 (0.00%), invalid chksum: 0
[1 - Suricata-Main] 2026-01-28 12:07:05 Notice: suricata: This is Suricata version 8.0.3 RELEASE running in SYSTEM mode
[1 - Suricata-Main] 2026-01-28 12:07:05 Info: cpu: CPUs/cores online: 4
[1 - Suricata-Main] 2026-01-28 12:07:05 Info: suricata: Setting engine mode to IDS mode by default
[1 - Suricata-Main] 2026-01-28 12:07:05 Info: exception-policy: master exception-policy set to: auto
[1 - Suricata-Main] 2026-01-28 12:07:05 Info: privs: dropped the caps for main thread
[1 - Suricata-Main] 2026-01-28 12:07:05 Info: conf: Running in live mode, activating unix socket
[1 - Suricata-Main] 2026-01-28 12:07:05 Info: logopenfile: fast output device (regular) initialized: fast.log
[1 - Suricata-Main] 2026-01-28 12:07:05 Info: logopenfile: eve-log output device (regular) initialized: eve.json
[1 - Suricata-Main] 2026-01-28 12:07:05 Info: logopenfile: stats output device (regular) initialized: stats.log
[1 - Suricata-Main] 2026-01-28 12:07:05 Warning: detect: No rule files match the pattern /var/lib/suricata/rules/suricata.rules
[1 - Suricata-Main] 2026-01-28 12:07:05 Warning: detect: 1 rule files specified, but no rules were loaded!
[1 - Suricata-Main] 2026-01-28 12:07:05 Info: threshold-config: Threshold config parsed: 0 rule(s) found
[1 - Suricata-Main] 2026-01-28 12:07:05 Info: detect: 0 signatures processed. 0 are IP-only rules, 0 are inspecting packet payload, 0 inspect application layer, 0 are decoder event only
[1 - Suricata-Main] 2026-01-28 12:07:05 Notice: mpm-hs: Rule group caching - loaded: 0 newly cached: 0 total cacheable: 0
[1 - Suricata-Main] 2026-01-28 12:07:05 Info: unix-manager: unix socket '/var/run/suricata/suricata-command.socket'
[1 - Suricata-Main] 2026-01-28 12:07:05 Info: runmodes: eth0: creating 4 threads
[20 - W#01-eth0] 2026-01-28 12:07:05 Info: ioctl: eth0: MTU 1500
[1 - Suricata-Main] 2026-01-28 12:07:05 Notice: threads: Threads created -> W: 4 FM: 1 FR: 1   Engine started.
[1 - Suricata-Main] 2026-01-28 13:07:38 Notice: suricata: Signal Received.  Stopping engine.
[1 - Suricata-Main] 2026-01-28 13:07:38 Info: suricata: time elapsed 3633.021s
[1 - Suricata-Main] 2026-01-28 13:07:39 Info: counters: Alerts: 0
[1 - Suricata-Main] 2026-01-28 13:07:40 Notice: device: eth0: packets: 9769, drops: 0 (0.00%), invalid chksum: 0
