#separator \x09
#set_separator	,
#empty_field	(empty)
#unset_field	-
#path	ocsp
#open	2026-02-25-12-26-59
#fields	ts	id	hashAlgorithm	issuerNameHash	issuerKeyHash	serialNumber	certStatus	revoketime	revokereason	thisUpdate	nextUpdate
#types	time	string	string	string	string	string	string	time	string	time	time
1772022419.241128	FLArhC3tomKcgCuaR	sha1	EE309C404F6B6B6256B48E26BFE4451298BAE4DD	75BEC477AE89F644377DCFB1681F1D1AEBDC3459	DF4951859D92BB5112767F159F942AAD	good	-	-	1772019721.000000	1772620920.000000
1772022443.620180	FMarW8qmeDDEVWNg9	sha1	E4E395A229D3D4C1C31FF0980C0B4EC0098AABD8	B76BA2EAA8AA848C79EAB4DA0F98B2C59576B9F4	0D6B7E715D2E517C36D8F587C61F25B0	good	-	-	1771856101.000000	1772457301.000000
1772022443.776488	F84H1H22cC6TBgtbQ8	sha1	105FA67A80089DB5279F35CE830B43889EA3C70D	0F80611C823161D52F28E78D4638B42CE1C6D9E2	0DBE3F82577472C15BDC81BAB084FDCD	good	-	-	1771767255.000000	1772368455.000000
1772022484.344769	FnaTeY25wuMJRJOLg5	sha1	EE309C404F6B6B6256B48E26BFE4451298BAE4DD	75BEC477AE89F644377DCFB1681F1D1AEBDC3459	4EED0251B635DDF010D59AC340E8A04E	good	-	-	1772019737.000000	1772620936.000000
1772022484.344774	FUYf6QsPWmmTdnkKd	sha1	EE309C404F6B6B6256B48E26BFE4451298BAE4DD	75BEC477AE89F644377DCFB1681F1D1AEBDC3459	4EED0251B635DDF010D59AC340E8A04E	good	-	-	1772019737.000000	1772620936.000000
1772022484.828154	FhMsBg24bBPS4thMr2	sha1	D613075FB6DEA11BDF0182D397E1D37C6E925509	6A4E50BF98689D5B7B2075D45901794866923206	0F3278B68705C2C63E3D92F6A9E216C2	good	-	-	1771958308.000000	1772559508.000000
1772022486.384725	FMWnvv1DZsAhywwO2j	sha1	EE309C404F6B6B6256B48E26BFE4451298BAE4DD	75BEC477AE89F644377DCFB1681F1D1AEBDC3459	4EED0251B635DDF010D59AC340E8A04E	good	-	-	1772019737.000000	1772620936.000000
1772022486.384733	FGSL114ynWzReglunh	sha1	D613075FB6DEA11BDF0182D397E1D37C6E925509	6A4E50BF98689D5B7B2075D45901794866923206	0F3278B68705C2C63E3D92F6A9E216C2	good	-	-	1771958308.000000	1772559508.000000
1772022488.559208	FNBRct2L6UcuIxNdwk	sha1	EE309C404F6B6B6256B48E26BFE4451298BAE4DD	75BEC477AE89F644377DCFB1681F1D1AEBDC3459	63CECE38101B595E129D4C623F4E100D	good	-	-	1772019737.000000	1772620936.000000
1772022488.559214	F8VohN26L6qbvSTso3	sha1	B9BED5F1A61E40B24196B0C29E7E1A9D8BFCB520	9077923567C4FFA8CCA9E67BD980797BCC93F938	7BBED3DDD9B691BA0E8E887F012EBA00	good	-	-	1772015204.000000	1772616403.000000
1772022488.900953	F7oahr1egNKtzG9QD6	sha1	EE309C404F6B6B6256B48E26BFE4451298BAE4DD	75BEC477AE89F644377DCFB1681F1D1AEBDC3459	63CECE38101B595E129D4C623F4E100D	good	-	-	1772019737.000000	1772620936.000000
1772022491.066265	FqsA8D4Wg5Ck0FkZR8	sha1	5342D4848BC117F9B6144D777CFB23310F7B35CD	DE1B1EED7915D43E3724C321BBEC34396D42B230	76BCF8B76A10F04D092B5648358CB9D4	good	-	-	1772021190.000000	1772622389.000000
1772022491.066266	Fs36vH1XFGKtECEEuj	sha1	5342D4848BC117F9B6144D777CFB23310F7B35CD	DE1B1EED7915D43E3724C321BBEC34396D42B230	274B103762CBBC06125BA35E05F0F0FF	good	-	-	1772021152.000000	1772622351.000000
1772022491.253883	F6RD9F1K9Q16D7WpI7	sha1	5342D4848BC117F9B6144D777CFB23310F7B35CD	DE1B1EED7915D43E3724C321BBEC34396D42B230	76BCF8B76A10F04D092B5648358CB9D4	good	-	-	1772021190.000000	1772622389.000000
1772022492.345565	FhKD233D7ifuYDvBO3	sha1	5342D4848BC117F9B6144D777CFB23310F7B35CD	DE1B1EED7915D43E3724C321BBEC34396D42B230	274B103762CBBC06125BA35E05F0F0FF	good	-	-	1772021152.000000	1772622351.000000
1772022492.538979	F8mr6x4jw6OnJAUexl	sha1	A17551059D2110D201B9081B73338F1C3CC7BD5F	81B80E638A891218E5FA3B3B50959FE6E5901385	06C3037B8D1C16B7B4783DC051237BA1	good	-	-	1772000585.000000	1772601785.000000
1772022493.012673	FkswPz4Ak6QDtLvqrj	sha1	5342D4848BC117F9B6144D777CFB23310F7B35CD	DE1B1EED7915D43E3724C321BBEC34396D42B230	76BCF8B76A10F04D092B5648358CB9D4	good	-	-	1772021190.000000	1772622389.000000
1772022493.012675	FtbC9d4IfAYeocDEH4	sha1	5342D4848BC117F9B6144D777CFB23310F7B35CD	DE1B1EED7915D43E3724C321BBEC34396D42B230	274B103762CBBC06125BA35E05F0F0FF	good	-	-	1772021152.000000	1772622351.000000
1772022493.081069	FQgtTg2ZDaVTHgmUY3	sha1	A17551059D2110D201B9081B73338F1C3CC7BD5F	81B80E638A891218E5FA3B3B50959FE6E5901385	06C3037B8D1C16B7B4783DC051237BA1	good	-	-	1772000585.000000	1772601785.000000
1772022493.114266	FMysXE3H9v4vuYRtRh	sha1	A17551059D2110D201B9081B73338F1C3CC7BD5F	81B80E638A891218E5FA3B3B50959FE6E5901385	06C3037B8D1C16B7B4783DC051237BA1	good	-	-	1772000585.000000	1772601785.000000
1772022496.174333	F7APXm4yyZqMG6CKE8	sha1	2B1D1E98CCF37604D6C1C8BD15A224C804130038	0ABC0829178CA5396D7A0ECE33C72EB3EDFBC37A	049D63AA0A6C830C335B2F999CD3F964	good	-	-	1771987500.000000	1772588700.000000
1772022496.218988	FtI7b94Qwu016uCMO7	sha1	2B1D1E98CCF37604D6C1C8BD15A224C804130038	0ABC0829178CA5396D7A0ECE33C72EB3EDFBC37A	049D63AA0A6C830C335B2F999CD3F964	good	-	-	1771987500.000000	1772588700.000000
1772022496.218993	FaTKEbK22sgVELmGh	sha1	2B1D1E98CCF37604D6C1C8BD15A224C804130038	0ABC0829178CA5396D7A0ECE33C72EB3EDFBC37A	049D63AA0A6C830C335B2F999CD3F964	good	-	-	1771987500.000000	1772588700.000000
1772022496.224525	FqpQc14evB7rLvLQmh	sha1	2B1D1E98CCF37604D6C1C8BD15A224C804130038	0ABC0829178CA5396D7A0ECE33C72EB3EDFBC37A	049D63AA0A6C830C335B2F999CD3F964	good	-	-	1771987500.000000	1772588700.000000
1772022496.224530	FR16rb3sj7g9BHhqP	sha1	2B1D1E98CCF37604D6C1C8BD15A224C804130038	0ABC0829178CA5396D7A0ECE33C72EB3EDFBC37A	049D63AA0A6C830C335B2F999CD3F964	good	-	-	1771987500.000000	1772588700.000000
1772022499.647999	F0fpGy2eHzLByf9DVc	sha1	A7C4B8B3DC5BB5581EA7D7F13AC569F56F48D789	748580C066C7DF37DECFBD2937AA031DBEEDCD17	06A8CA7B40E3C0F0F9092DFB0CC9BFC2	good	-	-	1771999200.000000	1772600400.000000
1772022499.765991	F9IKMc2rJqNTk3qrsl	sha1	A7C4B8B3DC5BB5581EA7D7F13AC569F56F48D789	748580C066C7DF37DECFBD2937AA031DBEEDCD17	06A8CA7B40E3C0F0F9092DFB0CC9BFC2	good	-	-	1771999200.000000	1772600400.000000
