#separator \x09
#set_separator	,
#empty_field	(empty)
#unset_field	-
#path	telemetry
#open	2026-03-09-12-42-48
#fields	ts	peer	metric_type	name	labels	label_values	value
#types	time	string	string	string	vector[string]	vector[string]	double
1773060168.471270	zeek	counter	zeek_log_stream_writes_total	module,stream	LoadedScripts,LoadedScripts::LOG	550.0
1773060168.471270	zeek	counter	zeek_log_stream_writes_total	module,stream	PacketFilter,PacketFilter::LOG	1.0
1773060168.471270	zeek	counter	zeek_log_writer_writes_total	filter_name,module,path,stream,writer	default,LoadedScripts,loaded_scripts,LoadedScripts::LOG,Log::WRITER_ASCII	550.0
1773060168.471270	zeek	counter	zeek_log_writer_writes_total	filter_name,module,path,stream,writer	default,PacketFilter,packet_filter,PacketFilter::LOG,Log::WRITER_ASCII	1.0
1773060168.471270	zeek	counter	zeek_log_writer_discarded_writes_total	filter_name,module,path,stream,writer	default,LoadedScripts,loaded_scripts,LoadedScripts::LOG,Log::WRITER_ASCII	0.0
1773060168.471270	zeek	counter	zeek_log_writer_discarded_writes_total	filter_name,module,path,stream,writer	default,PacketFilter,packet_filter,PacketFilter::LOG,Log::WRITER_ASCII	0.0
1773060168.471270	zeek	counter	zeek_log_writer_truncated_string_fields_total	filter_name,module,path,stream,writer	default,LoadedScripts,loaded_scripts,LoadedScripts::LOG,Log::WRITER_ASCII	0.0
1773060168.471270	zeek	counter	zeek_log_writer_truncated_string_fields_total	filter_name,module,path,stream,writer	default,PacketFilter,packet_filter,PacketFilter::LOG,Log::WRITER_ASCII	0.0
1773060168.471270	zeek	counter	zeek_log_writer_truncated_containers_total	filter_name,module,path,stream,writer	default,LoadedScripts,loaded_scripts,LoadedScripts::LOG,Log::WRITER_ASCII	0.0
1773060168.471270	zeek	counter	zeek_log_writer_truncated_containers_total	filter_name,module,path,stream,writer	default,PacketFilter,packet_filter,PacketFilter::LOG,Log::WRITER_ASCII	0.0
1773060168.471270	zeek	counter	zeek_net_received_bytes_total	(empty)	(empty)	0.0
1773060168.471270	zeek	counter	zeek_net_received_packets_total	(empty)	(empty)	0.0
1773060168.471270	zeek	counter	zeek_net_dropped_packets_total	(empty)	(empty)	0.0
1773060168.471270	zeek	counter	zeek_net_link_packets_total	(empty)	(empty)	0.0
1773060168.471270	zeek	counter	zeek_msgthread_threads_total	(empty)	(empty)	3.0
1773060168.471270	zeek	counter	zeek_msgthread_in_messages_total	(empty)	(empty)	5.0
1773060168.471270	zeek	counter	zeek_msgthread_out_messages_total	(empty)	(empty)	0.0
1773060168.471270	zeek	counter	zeek_cluster_onloop_queue_blocks_total	tag	WebSocketEventDispatcher:127.0.0.1:27759	0.0
1773060168.471270	zeek	counter	zeek_cluster_onloop_queue_blocks_total	tag	ZeroMQ	0.0
1773060168.471270	zeek	counter	zeek_cluster_zeromq_xpub_drops_total	(empty)	(empty)	0.0
1773060168.471270	zeek	counter	zeek_cluster_zeromq_onloop_drops_total	(empty)	(empty)	0.0
1773060168.471270	zeek	counter	zeek_cluster_zeromq_msg_errors_total	(empty)	(empty)	0.0
1773060168.471270	zeek	counter	zeek_cluster_core_outgoing_events_total	(empty)	(empty)	0.0
1773060168.471270	zeek	counter	zeek_cluster_core_incoming_events_total	(empty)	(empty)	0.0
1773060168.471270	zeek	counter	zeek_broker_incoming_events_total	(empty)	(empty)	0.0
1773060168.471270	zeek	counter	zeek_broker_outgoing_events_total	(empty)	(empty)	0.0
1773060168.471270	zeek	counter	zeek_broker_incoming_logs_total	(empty)	(empty)	0.0
1773060168.471270	zeek	counter	zeek_broker_outgoing_logs_total	(empty)	(empty)	0.0
1773060168.471270	zeek	counter	zeek_broker_incoming_ids_total	(empty)	(empty)	0.0
1773060168.471270	zeek	counter	zeek_broker_outgoing_ids_total	(empty)	(empty)	0.0
1773060168.471270	zeek	counter	zeek_timers_total	(empty)	(empty)	135.0
1773060168.471270	zeek	counter	zeek_dnsmgr_requests_total	(empty)	(empty)	0.0
1773060168.471270	zeek	counter	zeek_dnsmgr_successful_requests_total	(empty)	(empty)	0.0
1773060168.471270	zeek	counter	zeek_dnsmgr_failed_requests_total	(empty)	(empty)	0.0
1773060168.471270	zeek	counter	zeek_triggers_total	(empty)	(empty)	0.0
1773060168.471270	zeek	counter	zeek_ended_sessions_total	reason	inactivity	0.0
1773060168.471270	zeek	counter	zeek_event_handler_invocations_total	name	Broker::log_flush	1.0
1773060168.471270	zeek	counter	zeek_event_handler_invocations_total	name	Cluster::Backend::ZeroMQ::subscription	2.0
1773060168.471270	zeek	counter	zeek_event_handler_invocations_total	name	filter_change_tracking	1.0
1773060168.471270	zeek	counter	zeek_event_handler_invocations_total	name	ChecksumOffloading::check	1.0
1773060168.471270	zeek	counter	zeek_event_handler_invocations_total	name	NetControl::init	1.0
1773060168.471270	zeek	counter	zeek_event_handler_invocations_total	name	zeek_script_loaded	550.0
1773060168.471270	zeek	counter	zeek_event_handler_invocations_total	name	Telemetry::log	1.0
1773060168.471270	zeek	counter	zeek_event_handler_invocations_total	name	grab_vulnerable_versions	1.0
1773060168.471270	zeek	counter	zeek_event_handler_invocations_total	name	zeek_init	1.0
1773060168.471270	zeek	counter	zeek_total_sessions_total	protocol	icmp	0.0
1773060168.471270	zeek	counter	zeek_total_sessions_total	protocol	udp	0.0
1773060168.471270	zeek	counter	zeek_total_sessions_total	protocol	tcp	0.0
1773060168.471270	zeek	gauge	zeek_version_info	beta,commit,debug,major,minor,patch,version_number,version_string	false,0,false,8,1,0,80100,8.1.0	1.0
1773060168.471270	zeek	gauge	zeek_net_packet_lag_seconds	(empty)	(empty)	0.000324
1773060168.471270	zeek	gauge	zeek_net_timestamp_seconds	(empty)	(empty)	1773060168.47127
1773060168.471270	zeek	gauge	zeek_msgthread_active_threads	(empty)	(empty)	3.0
1773060168.471270	zeek	gauge	zeek_msgthread_pending_in_messages	(empty)	(empty)	1.0
1773060168.471270	zeek	gauge	zeek_msgthread_pending_out_messages	(empty)	(empty)	0.0
1773060168.471270	zeek	gauge	zeek_msgthread_pending_messages_in_buckets	leq	inf	3.0
1773060168.471270	zeek	gauge	zeek_msgthread_pending_messages_in_buckets	leq	10000	3.0
1773060168.471270	zeek	gauge	zeek_msgthread_pending_messages_in_buckets	leq	1000	3.0
1773060168.471270	zeek	gauge	zeek_msgthread_pending_messages_in_buckets	leq	100	3.0
1773060168.471270	zeek	gauge	zeek_msgthread_pending_messages_in_buckets	leq	10	3.0
1773060168.471270	zeek	gauge	zeek_msgthread_pending_messages_in_buckets	leq	1	3.0
1773060168.471270	zeek	gauge	zeek_msgthread_pending_messages_out_buckets	leq	inf	3.0
1773060168.471270	zeek	gauge	zeek_msgthread_pending_messages_out_buckets	leq	10000	3.0
1773060168.471270	zeek	gauge	zeek_msgthread_pending_messages_out_buckets	leq	1000	3.0
1773060168.471270	zeek	gauge	zeek_msgthread_pending_messages_out_buckets	leq	100	3.0
1773060168.471270	zeek	gauge	zeek_msgthread_pending_messages_out_buckets	leq	10	3.0
1773060168.471270	zeek	gauge	zeek_msgthread_pending_messages_out_buckets	leq	1	3.0
1773060168.471270	zeek	gauge	zeek_broker_peers	(empty)	(empty)	0.0
1773060168.471270	zeek	gauge	zeek_broker_stores	(empty)	(empty)	1.0
1773060168.471270	zeek	gauge	zeek_broker_pending_queries	(empty)	(empty)	0.0
1773060168.471270	zeek	gauge	zeek_timers_lag_time_seconds	(empty)	(empty)	1773056568.47127
1773060168.471270	zeek	gauge	zeek_timers_pending	type	LogDelayExpire	0.0
1773060168.471270	zeek	gauge	zeek_timers_pending	type	ThreadHeartbeat	1.0
1773060168.471270	zeek	gauge	zeek_timers_pending	type	TimerMgrExpireTimer	0.0
1773060168.471270	zeek	gauge	zeek_timers_pending	type	ParentProcessIDCheck	0.0
1773060168.471270	zeek	gauge	zeek_timers_pending	type	FragTimer	0.0
1773060168.471270	zeek	gauge	zeek_timers_pending	type	RotateTimer	2.0
1773060168.471270	zeek	gauge	zeek_timers_pending	type	FlowWeirdTimer	0.0
1773060168.471270	zeek	gauge	zeek_timers_pending	type	FileAnalysisInactivityTimer	0.0
1773060168.471270	zeek	gauge	zeek_timers_pending	type	StorageExpire	1.0
1773060168.471270	zeek	gauge	zeek_timers_pending	type	ConnectionInactivityTimer	0.0
1773060168.471270	zeek	gauge	zeek_timers_pending	type	TCPConnectionExpireTimer	0.0
1773060168.471270	zeek	gauge	zeek_timers_pending	type	ConnectionStatusUpdateTimer	0.0
1773060168.471270	zeek	gauge	zeek_timers_pending	type	LogFlushWriteBufferTimer	1.0
1773060168.471270	zeek	gauge	zeek_timers_pending	type	NetWeirdTimer	0.0
1773060168.471270	zeek	gauge	zeek_timers_pending	type	InterconnTimer	0.0
1773060168.471270	zeek	gauge	zeek_timers_pending	type	IPTunnelInactivityTimer	0.0
1773060168.471270	zeek	gauge	zeek_timers_pending	type	DNSExpireTimer	0.0
1773060168.471270	zeek	gauge	zeek_timers_pending	type	UnknownProtocolExpire	0.0
1773060168.471270	zeek	gauge	zeek_timers_pending	type	ProfileTimer	0.0
1773060168.471270	zeek	gauge	zeek_timers_pending	type	ConnectionExpireTimer	0.0
1773060168.471270	zeek	gauge	zeek_timers_pending	type	BreakpointTimer	0.0
1773060168.471270	zeek	gauge	zeek_timers_pending	type	BackdoorTimer	0.0
1773060168.471270	zeek	gauge	zeek_timers_pending	type	NetbiosExpireTimer	0.0
1773060168.471270	zeek	gauge	zeek_timers_pending	type	NetworkTimer	0.0
1773060168.471270	zeek	gauge	zeek_timers_pending	type	RemoveConnection	0.0
1773060168.471270	zeek	gauge	zeek_timers_pending	type	TCPConnectionResetTimer	0.0
1773060168.471270	zeek	gauge	zeek_timers_pending	type	ConnTupleWeirdTimer	0.0
1773060168.471270	zeek	gauge	zeek_timers_pending	type	TCPConnectionDeleteTimer	0.0
1773060168.471270	zeek	gauge	zeek_timers_pending	type	ScheduleTimer	2.0
1773060168.471270	zeek	gauge	zeek_timers_pending	type	NTPExpireTimer	0.0
1773060168.471270	zeek	gauge	zeek_timers_pending	type	RPCExpireTimer	0.0
1773060168.471270	zeek	gauge	zeek_timers_pending	type	ConnectionDeleteTimer	0.0
1773060168.471270	zeek	gauge	zeek_timers_pending	type	TriggerTimer	0.0
1773060168.471270	zeek	gauge	zeek_timers_pending	type	TableValTimer	36.0
1773060168.471270	zeek	gauge	zeek_timers_pending	type	TCPConnectionAttemptTimer	0.0
1773060168.471270	zeek	gauge	zeek_timers_pending	type	TCPConnectionPartialClose	0.0
1773060168.471270	zeek	gauge	zeek_dnsmgr_pending_asyncs_requests	(empty)	(empty)	0.0
1773060168.471270	zeek	gauge	zeek_dnsmgr_cache_entries	type	text	0.0
1773060168.471270	zeek	gauge	zeek_dnsmgr_cache_entries	type	address	0.0
1773060168.471270	zeek	gauge	zeek_dnsmgr_cache_entries	type	host	0.0
1773060168.471270	zeek	gauge	zeek_pending_triggers	(empty)	(empty)	0.0
1773060168.471270	zeek	gauge	zeek_active_sessions	protocol	icmp	0.0
1773060168.471270	zeek	gauge	zeek_active_sessions	protocol	udp	0.0
1773060168.471270	zeek	gauge	zeek_active_sessions	protocol	tcp	0.0
1773060168.471270	zeek	counter	process_cpu_user_seconds_total	(empty)	(empty)	0.58
1773060168.471270	zeek	counter	process_cpu_system_seconds_total	(empty)	(empty)	0.9
1773060168.471270	zeek	gauge	process_resident_memory_bytes	(empty)	(empty)	293449728.0
1773060168.471270	zeek	gauge	process_virtual_memory_bytes	(empty)	(empty)	36096950272.0
1773060168.471270	zeek	gauge	process_open_fds	(empty)	(empty)	65.0
1773060168.471270	zeek	gauge	process_start_time_seconds	(empty)	(empty)	1773060165.73809
1773060228.471433	zeek	counter	zeek_log_stream_writes_total	module,stream	Conn,Conn::LOG	9.0
1773060228.471433	zeek	counter	zeek_log_stream_writes_total	module,stream	DNS,DNS::LOG	4.0
1773060228.471433	zeek	counter	zeek_log_stream_writes_total	module,stream	Reporter,Reporter::LOG	1.0
1773060228.471433	zeek	counter	zeek_log_stream_writes_total	module,stream	Known,Known::SERVICES_LOG	1.0
1773060228.471433	zeek	counter	zeek_log_stream_writes_total	module,stream	Weird,Weird::LOG	3.0
1773060228.471433	zeek	counter	zeek_log_stream_writes_total	module,stream	Stats,Stats::LOG	1.0
1773060228.471433	zeek	counter	zeek_log_stream_writes_total	module,stream	Telemetry,Telemetry::LOG	120.0
1773060228.471433	zeek	counter	zeek_log_stream_writes_total	module,stream	NTP,NTP::LOG	2.0
1773060228.471433	zeek	counter	zeek_log_stream_writes_total	module,stream	LoadedScripts,LoadedScripts::LOG	550.0
1773060228.471433	zeek	counter	zeek_log_stream_writes_total	module,stream	PacketFilter,PacketFilter::LOG	1.0
1773060228.471433	zeek	counter	zeek_log_writer_writes_total	filter_name,module,path,stream,writer	default,Conn,conn,Conn::LOG,Log::WRITER_ASCII	9.0
1773060228.471433	zeek	counter	zeek_log_writer_writes_total	filter_name,module,path,stream,writer	default,DNS,dns,DNS::LOG,Log::WRITER_ASCII	4.0
1773060228.471433	zeek	counter	zeek_log_writer_writes_total	filter_name,module,path,stream,writer	default,Reporter,reporter,Reporter::LOG,Log::WRITER_ASCII	1.0
1773060228.471433	zeek	counter	zeek_log_writer_writes_total	filter_name,module,path,stream,writer	default,NTP,ntp,NTP::LOG,Log::WRITER_ASCII	2.0
1773060228.471433	zeek	counter	zeek_log_writer_writes_total	filter_name,module,path,stream,writer	default,Known,known_services,Known::SERVICES_LOG,Log::WRITER_ASCII	1.0
1773060228.471433	zeek	counter	zeek_log_writer_writes_total	filter_name,module,path,stream,writer	default,Weird,weird,Weird::LOG,Log::WRITER_ASCII	3.0
1773060228.471433	zeek	counter	zeek_log_writer_writes_total	filter_name,module,path,stream,writer	default,Stats,stats,Stats::LOG,Log::WRITER_ASCII	1.0
1773060228.471433	zeek	counter	zeek_log_writer_writes_total	filter_name,module,path,stream,writer	default,Telemetry,telemetry,Telemetry::LOG,Log::WRITER_ASCII	120.0
1773060228.471433	zeek	counter	zeek_log_writer_writes_total	filter_name,module,path,stream,writer	default,LoadedScripts,loaded_scripts,LoadedScripts::LOG,Log::WRITER_ASCII	550.0
1773060228.471433	zeek	counter	zeek_log_writer_writes_total	filter_name,module,path,stream,writer	default,PacketFilter,packet_filter,PacketFilter::LOG,Log::WRITER_ASCII	1.0
1773060228.471433	zeek	counter	zeek_log_writer_discarded_writes_total	filter_name,module,path,stream,writer	default,Conn,conn,Conn::LOG,Log::WRITER_ASCII	0.0
1773060228.471433	zeek	counter	zeek_log_writer_discarded_writes_total	filter_name,module,path,stream,writer	default,DNS,dns,DNS::LOG,Log::WRITER_ASCII	0.0
1773060228.471433	zeek	counter	zeek_log_writer_discarded_writes_total	filter_name,module,path,stream,writer	default,Reporter,reporter,Reporter::LOG,Log::WRITER_ASCII	0.0
1773060228.471433	zeek	counter	zeek_log_writer_discarded_writes_total	filter_name,module,path,stream,writer	default,NTP,ntp,NTP::LOG,Log::WRITER_ASCII	0.0
1773060228.471433	zeek	counter	zeek_log_writer_discarded_writes_total	filter_name,module,path,stream,writer	default,Known,known_services,Known::SERVICES_LOG,Log::WRITER_ASCII	0.0
1773060228.471433	zeek	counter	zeek_log_writer_discarded_writes_total	filter_name,module,path,stream,writer	default,Weird,weird,Weird::LOG,Log::WRITER_ASCII	0.0
1773060228.471433	zeek	counter	zeek_log_writer_discarded_writes_total	filter_name,module,path,stream,writer	default,Stats,stats,Stats::LOG,Log::WRITER_ASCII	0.0
1773060228.471433	zeek	counter	zeek_log_writer_discarded_writes_total	filter_name,module,path,stream,writer	default,Telemetry,telemetry,Telemetry::LOG,Log::WRITER_ASCII	0.0
1773060228.471433	zeek	counter	zeek_log_writer_discarded_writes_total	filter_name,module,path,stream,writer	default,LoadedScripts,loaded_scripts,LoadedScripts::LOG,Log::WRITER_ASCII	0.0
1773060228.471433	zeek	counter	zeek_log_writer_discarded_writes_total	filter_name,module,path,stream,writer	default,PacketFilter,packet_filter,PacketFilter::LOG,Log::WRITER_ASCII	0.0
1773060228.471433	zeek	counter	zeek_log_writer_truncated_string_fields_total	filter_name,module,path,stream,writer	default,Conn,conn,Conn::LOG,Log::WRITER_ASCII	0.0
1773060228.471433	zeek	counter	zeek_log_writer_truncated_string_fields_total	filter_name,module,path,stream,writer	default,DNS,dns,DNS::LOG,Log::WRITER_ASCII	0.0
1773060228.471433	zeek	counter	zeek_log_writer_truncated_string_fields_total	filter_name,module,path,stream,writer	default,Reporter,reporter,Reporter::LOG,Log::WRITER_ASCII	0.0
1773060228.471433	zeek	counter	zeek_log_writer_truncated_string_fields_total	filter_name,module,path,stream,writer	default,NTP,ntp,NTP::LOG,Log::WRITER_ASCII	0.0
1773060228.471433	zeek	counter	zeek_log_writer_truncated_string_fields_total	filter_name,module,path,stream,writer	default,Known,known_services,Known::SERVICES_LOG,Log::WRITER_ASCII	0.0
1773060228.471433	zeek	counter	zeek_log_writer_truncated_string_fields_total	filter_name,module,path,stream,writer	default,Weird,weird,Weird::LOG,Log::WRITER_ASCII	0.0
1773060228.471433	zeek	counter	zeek_log_writer_truncated_string_fields_total	filter_name,module,path,stream,writer	default,Stats,stats,Stats::LOG,Log::WRITER_ASCII	0.0
1773060228.471433	zeek	counter	zeek_log_writer_truncated_string_fields_total	filter_name,module,path,stream,writer	default,Telemetry,telemetry,Telemetry::LOG,Log::WRITER_ASCII	0.0
1773060228.471433	zeek	counter	zeek_log_writer_truncated_string_fields_total	filter_name,module,path,stream,writer	default,LoadedScripts,loaded_scripts,LoadedScripts::LOG,Log::WRITER_ASCII	0.0
1773060228.471433	zeek	counter	zeek_log_writer_truncated_string_fields_total	filter_name,module,path,stream,writer	default,PacketFilter,packet_filter,PacketFilter::LOG,Log::WRITER_ASCII	0.0
1773060228.471433	zeek	counter	zeek_log_writer_truncated_containers_total	filter_name,module,path,stream,writer	default,Conn,conn,Conn::LOG,Log::WRITER_ASCII	0.0
1773060228.471433	zeek	counter	zeek_log_writer_truncated_containers_total	filter_name,module,path,stream,writer	default,DNS,dns,DNS::LOG,Log::WRITER_ASCII	0.0
1773060228.471433	zeek	counter	zeek_log_writer_truncated_containers_total	filter_name,module,path,stream,writer	default,Reporter,reporter,Reporter::LOG,Log::WRITER_ASCII	0.0
1773060228.471433	zeek	counter	zeek_log_writer_truncated_containers_total	filter_name,module,path,stream,writer	default,NTP,ntp,NTP::LOG,Log::WRITER_ASCII	0.0
1773060228.471433	zeek	counter	zeek_log_writer_truncated_containers_total	filter_name,module,path,stream,writer	default,Known,known_services,Known::SERVICES_LOG,Log::WRITER_ASCII	0.0
1773060228.471433	zeek	counter	zeek_log_writer_truncated_containers_total	filter_name,module,path,stream,writer	default,Weird,weird,Weird::LOG,Log::WRITER_ASCII	0.0
1773060228.471433	zeek	counter	zeek_log_writer_truncated_containers_total	filter_name,module,path,stream,writer	default,Stats,stats,Stats::LOG,Log::WRITER_ASCII	0.0
1773060228.471433	zeek	counter	zeek_log_writer_truncated_containers_total	filter_name,module,path,stream,writer	default,Telemetry,telemetry,Telemetry::LOG,Log::WRITER_ASCII	0.0
1773060228.471433	zeek	counter	zeek_log_writer_truncated_containers_total	filter_name,module,path,stream,writer	default,LoadedScripts,loaded_scripts,LoadedScripts::LOG,Log::WRITER_ASCII	0.0
1773060228.471433	zeek	counter	zeek_log_writer_truncated_containers_total	filter_name,module,path,stream,writer	default,PacketFilter,packet_filter,PacketFilter::LOG,Log::WRITER_ASCII	0.0
1773060228.471433	zeek	counter	zeek_net_received_bytes_total	(empty)	(empty)	4104.0
1773060228.471433	zeek	counter	zeek_net_received_packets_total	(empty)	(empty)	36.0
1773060228.471433	zeek	counter	zeek_net_dropped_packets_total	(empty)	(empty)	0.0
1773060228.471433	zeek	counter	zeek_net_link_packets_total	(empty)	(empty)	36.0
1773060228.471433	zeek	counter	zeek_msgthread_threads_total	(empty)	(empty)	11.0
1773060228.471433	zeek	counter	zeek_msgthread_in_messages_total	(empty)	(empty)	89.0
1773060228.471433	zeek	counter	zeek_msgthread_out_messages_total	(empty)	(empty)	0.0
1773060228.471433	zeek	counter	zeek_cluster_onloop_queue_blocks_total	tag	WebSocketEventDispatcher:127.0.0.1:27759	0.0
1773060228.471433	zeek	counter	zeek_cluster_onloop_queue_blocks_total	tag	ZeroMQ	0.0
1773060228.471433	zeek	counter	zeek_cluster_zeromq_xpub_drops_total	(empty)	(empty)	0.0
1773060228.471433	zeek	counter	zeek_cluster_zeromq_onloop_drops_total	(empty)	(empty)	0.0
1773060228.471433	zeek	counter	zeek_cluster_zeromq_msg_errors_total	(empty)	(empty)	0.0
1773060228.471433	zeek	counter	zeek_cluster_core_outgoing_events_total	(empty)	(empty)	0.0
1773060228.471433	zeek	counter	zeek_cluster_core_incoming_events_total	(empty)	(empty)	0.0
1773060228.471433	zeek	counter	zeek_broker_incoming_events_total	(empty)	(empty)	0.0
1773060228.471433	zeek	counter	zeek_broker_outgoing_events_total	(empty)	(empty)	0.0
1773060228.471433	zeek	counter	zeek_broker_incoming_logs_total	(empty)	(empty)	0.0
1773060228.471433	zeek	counter	zeek_broker_outgoing_logs_total	(empty)	(empty)	0.0
1773060228.471433	zeek	counter	zeek_broker_incoming_ids_total	(empty)	(empty)	0.0
1773060228.471433	zeek	counter	zeek_broker_outgoing_ids_total	(empty)	(empty)	0.0
1773060228.471433	zeek	counter	zeek_timers_total	(empty)	(empty)	546.0
1773060228.471433	zeek	counter	zeek_dnsmgr_requests_total	(empty)	(empty)	0.0
1773060228.471433	zeek	counter	zeek_dnsmgr_successful_requests_total	(empty)	(empty)	0.0
1773060228.471433	zeek	counter	zeek_dnsmgr_failed_requests_total	(empty)	(empty)	0.0
1773060228.471433	zeek	counter	zeek_triggers_total	(empty)	(empty)	0.0
1773060228.471433	zeek	counter	zeek_ended_sessions_total	reason	inactivity	0.0
1773060228.471433	zeek	counter	zeek_event_handler_invocations_total	name	reporter_warning	1.0
1773060228.471433	zeek	counter	zeek_event_handler_invocations_total	name	connection_state_remove	9.0
1773060228.471433	zeek	counter	zeek_event_handler_invocations_total	name	dns_A_reply	4.0
1773060228.471433	zeek	counter	zeek_event_handler_invocations_total	name	dns_AAAA_reply	4.0
1773060228.471433	zeek	counter	zeek_event_handler_invocations_total	name	zeek_init	1.0
1773060228.471433	zeek	counter	zeek_event_handler_invocations_total	name	Telemetry::log	2.0
1773060228.471433	zeek	counter	zeek_event_handler_invocations_total	name	get_file_handle	6.0
1773060228.471433	zeek	counter	zeek_event_handler_invocations_total	name	ntp_message	2.0
1773060228.471433	zeek	counter	zeek_event_handler_invocations_total	name	known_service_add	1.0
1773060228.471433	zeek	counter	zeek_event_handler_invocations_total	name	new_connection	16.0
1773060228.471433	zeek	counter	zeek_event_handler_invocations_total	name	TrimTraceFile::go	1.0
1773060228.471433	zeek	counter	zeek_event_handler_invocations_total	name	zeek_script_loaded	550.0
1773060228.471433	zeek	counter	zeek_event_handler_invocations_total	name	NetControl::init	1.0
1773060228.471433	zeek	counter	zeek_event_handler_invocations_total	name	ChecksumOffloading::check	2.0
1773060228.471433	zeek	counter	zeek_event_handler_invocations_total	name	grab_vulnerable_versions	2.0
1773060228.471433	zeek	counter	zeek_event_handler_invocations_total	name	filter_change_tracking	2.0
1773060228.471433	zeek	counter	zeek_event_handler_invocations_total	name	Cluster::Backend::ZeroMQ::subscription	2.0
1773060228.471433	zeek	counter	zeek_event_handler_invocations_total	name	Broker::log_flush	60.0
1773060228.471433	zeek	counter	zeek_event_handler_invocations_total	name	conn_weird	20.0
1773060228.471433	zeek	counter	zeek_event_handler_invocations_total	name	check_stats	1.0
1773060228.471433	zeek	counter	zeek_event_handler_invocations_total	name	dns_end	4.0
1773060228.471433	zeek	counter	zeek_event_handler_invocations_total	name	CaptureLoss::take_measurement	1.0
1773060228.471433	zeek	counter	zeek_event_handler_invocations_total	name	net_stats_update	1.0
1773060228.471433	zeek	counter	zeek_event_handler_invocations_total	name	service_info_commit	3.0
1773060228.471433	zeek	counter	zeek_event_handler_invocations_total	name	analyzer_confirmation_info	5.0
1773060228.471433	zeek	counter	zeek_event_handler_invocations_total	name	dns_message	4.0
1773060228.471433	zeek	counter	zeek_event_handler_invocations_total	name	SumStats::finish_epoch	3.0
1773060228.471433	zeek	counter	zeek_total_sessions_total	protocol	unknown	1.0
1773060228.471433	zeek	counter	zeek_total_sessions_total	protocol	icmp	2.0
1773060228.471433	zeek	counter	zeek_total_sessions_total	protocol	udp	7.0
1773060228.471433	zeek	counter	zeek_total_sessions_total	protocol	tcp	6.0
1773060228.471433	zeek	gauge	zeek_version_info	beta,commit,debug,major,minor,patch,version_number,version_string	false,0,false,8,1,0,80100,8.1.0	1.0
1773060228.471433	zeek	gauge	zeek_net_packet_lag_seconds	(empty)	(empty)	0.001115
1773060228.471433	zeek	gauge	zeek_net_timestamp_seconds	(empty)	(empty)	1773060228.471433
1773060228.471433	zeek	gauge	zeek_msgthread_active_threads	(empty)	(empty)	11.0
1773060228.471433	zeek	gauge	zeek_msgthread_pending_in_messages	(empty)	(empty)	0.0
1773060228.471433	zeek	gauge	zeek_msgthread_pending_out_messages	(empty)	(empty)	0.0
1773060228.471433	zeek	gauge	zeek_msgthread_pending_messages_in_buckets	leq	inf	11.0
1773060228.471433	zeek	gauge	zeek_msgthread_pending_messages_in_buckets	leq	10000	11.0
1773060228.471433	zeek	gauge	zeek_msgthread_pending_messages_in_buckets	leq	1000	11.0
1773060228.471433	zeek	gauge	zeek_msgthread_pending_messages_in_buckets	leq	100	11.0
1773060228.471433	zeek	gauge	zeek_msgthread_pending_messages_in_buckets	leq	10	11.0
1773060228.471433	zeek	gauge	zeek_msgthread_pending_messages_in_buckets	leq	1	11.0
1773060228.471433	zeek	gauge	zeek_msgthread_pending_messages_out_buckets	leq	inf	11.0
1773060228.471433	zeek	gauge	zeek_msgthread_pending_messages_out_buckets	leq	10000	11.0
1773060228.471433	zeek	gauge	zeek_msgthread_pending_messages_out_buckets	leq	1000	11.0
1773060228.471433	zeek	gauge	zeek_msgthread_pending_messages_out_buckets	leq	100	11.0
1773060228.471433	zeek	gauge	zeek_msgthread_pending_messages_out_buckets	leq	10	11.0
1773060228.471433	zeek	gauge	zeek_msgthread_pending_messages_out_buckets	leq	1	11.0
1773060228.471433	zeek	gauge	zeek_broker_peers	(empty)	(empty)	0.0
1773060228.471433	zeek	gauge	zeek_broker_stores	(empty)	(empty)	1.0
1773060228.471433	zeek	gauge	zeek_broker_pending_queries	(empty)	(empty)	0.0
1773060228.471433	zeek	gauge	zeek_timers_lag_time_seconds	(empty)	(empty)	0.000163
1773060228.471433	zeek	gauge	zeek_timers_pending	type	LogDelayExpire	0.0
1773060228.471433	zeek	gauge	zeek_timers_pending	type	ThreadHeartbeat	1.0
1773060228.471433	zeek	gauge	zeek_timers_pending	type	TimerMgrExpireTimer	0.0
1773060228.471433	zeek	gauge	zeek_timers_pending	type	ParentProcessIDCheck	0.0
1773060228.471433	zeek	gauge	zeek_timers_pending	type	FragTimer	0.0
1773060228.471433	zeek	gauge	zeek_timers_pending	type	RotateTimer	10.0
1773060228.471433	zeek	gauge	zeek_timers_pending	type	FlowWeirdTimer	0.0
1773060228.471433	zeek	gauge	zeek_timers_pending	type	FileAnalysisInactivityTimer	0.0
1773060228.471433	zeek	gauge	zeek_timers_pending	type	StorageExpire	1.0
1773060228.471433	zeek	gauge	zeek_timers_pending	type	ConnectionInactivityTimer	7.0
1773060228.471433	zeek	gauge	zeek_timers_pending	type	TCPConnectionExpireTimer	0.0
1773060228.471433	zeek	gauge	zeek_timers_pending	type	ConnectionStatusUpdateTimer	0.0
1773060228.471433	zeek	gauge	zeek_timers_pending	type	LogFlushWriteBufferTimer	1.0
1773060228.471433	zeek	gauge	zeek_timers_pending	type	NetWeirdTimer	0.0
1773060228.471433	zeek	gauge	zeek_timers_pending	type	InterconnTimer	0.0
1773060228.471433	zeek	gauge	zeek_timers_pending	type	IPTunnelInactivityTimer	0.0
1773060228.471433	zeek	gauge	zeek_timers_pending	type	DNSExpireTimer	0.0
1773060228.471433	zeek	gauge	zeek_timers_pending	type	UnknownProtocolExpire	0.0
1773060228.471433	zeek	gauge	zeek_timers_pending	type	ProfileTimer	0.0
1773060228.471433	zeek	gauge	zeek_timers_pending	type	ConnectionExpireTimer	0.0
1773060228.471433	zeek	gauge	zeek_timers_pending	type	BreakpointTimer	0.0
1773060228.471433	zeek	gauge	zeek_timers_pending	type	BackdoorTimer	0.0
1773060228.471433	zeek	gauge	zeek_timers_pending	type	NetbiosExpireTimer	0.0
1773060228.471433	zeek	gauge	zeek_timers_pending	type	NetworkTimer	0.0
1773060228.471433	zeek	gauge	zeek_timers_pending	type	RemoveConnection	0.0
1773060228.471433	zeek	gauge	zeek_timers_pending	type	TCPConnectionResetTimer	0.0
1773060228.471433	zeek	gauge	zeek_timers_pending	type	ConnTupleWeirdTimer	0.0
1773060228.471433	zeek	gauge	zeek_timers_pending	type	TCPConnectionDeleteTimer	0.0
1773060228.471433	zeek	gauge	zeek_timers_pending	type	ScheduleTimer	5.0
1773060228.471433	zeek	gauge	zeek_timers_pending	type	NTPExpireTimer	0.0
1773060228.471433	zeek	gauge	zeek_timers_pending	type	RPCExpireTimer	0.0
1773060228.471433	zeek	gauge	zeek_timers_pending	type	ConnectionDeleteTimer	0.0
1773060228.471433	zeek	gauge	zeek_timers_pending	type	TriggerTimer	0.0
1773060228.471433	zeek	gauge	zeek_timers_pending	type	TableValTimer	36.0
1773060228.471433	zeek	gauge	zeek_timers_pending	type	TCPConnectionAttemptTimer	0.0
1773060228.471433	zeek	gauge	zeek_timers_pending	type	TCPConnectionPartialClose	0.0
1773060228.471433	zeek	gauge	zeek_dnsmgr_pending_asyncs_requests	(empty)	(empty)	0.0
1773060228.471433	zeek	gauge	zeek_dnsmgr_cache_entries	type	text	0.0
1773060228.471433	zeek	gauge	zeek_dnsmgr_cache_entries	type	address	0.0
1773060228.471433	zeek	gauge	zeek_dnsmgr_cache_entries	type	host	0.0
1773060228.471433	zeek	gauge	zeek_pending_triggers	(empty)	(empty)	0.0
1773060228.471433	zeek	gauge	zeek_active_sessions	protocol	unknown	1.0
1773060228.471433	zeek	gauge	zeek_active_sessions	protocol	icmp	2.0
1773060228.471433	zeek	gauge	zeek_active_sessions	protocol	udp	4.0
1773060228.471433	zeek	gauge	zeek_active_sessions	protocol	tcp	0.0
1773060228.471433	zeek	counter	process_cpu_user_seconds_total	(empty)	(empty)	0.66
1773060228.471433	zeek	counter	process_cpu_system_seconds_total	(empty)	(empty)	0.96
1773060228.471433	zeek	gauge	process_resident_memory_bytes	(empty)	(empty)	293867520.0
1773060228.471433	zeek	gauge	process_virtual_memory_bytes	(empty)	(empty)	36768071680.0
1773060228.471433	zeek	gauge	process_open_fds	(empty)	(empty)	89.0
1773060228.471433	zeek	gauge	process_start_time_seconds	(empty)	(empty)	1773060165.73809
